2025-08-05 17:10:07,348 [INFO] [Bybit] Connected to wss://stream.bybit.com/v5/public/linear
2025-08-05 17:10:07,348 [INFO] [Bybit] Subscribed with payload: {"op": "subscribe", "args": ["tickers.BTCUSDT"]}
2025-08-05 17:10:07,421 [INFO] [OKX] Connected to wss://ws.okx.com:8443/ws/v5/public
2025-08-05 17:10:07,421 [INFO] [OKX] Subscribed with payload: {"op": "subscribe", "args": [{"channel": "tickers", "instId": "BTC-USDT"}]}
2025-08-05 17:16:09,881 [INFO] [Bybit] Connected to wss://stream.bybit.com/v5/public/linear
2025-08-05 17:16:09,881 [INFO] [Bybit] Subscribed with payload: {"op": "subscribe", "args": ["tickers.BTCUSDT"]}
2025-08-05 17:16:10,015 [INFO] [OKX] Connected to wss://ws.okx.com:8443/ws/v5/public
2025-08-05 17:16:10,015 [INFO] [OKX] Subscribed with payload: {"op": "subscribe", "args": [{"channel": "tickers", "instId": "BTC-USDT"}]}
2025-08-05 17:16:10,155 [INFO] Updated bybit prices: {'bid': 113600.0, 'ask': 113600.1, 'timestamp': 1754403370.155645}
2025-08-05 17:16:10,156 [INFO] Updated bybit prices: {'bid': 113600.0, 'ask': 113600.1, 'timestamp': 1754403370.156225}
2025-08-05 17:16:10,156 [INFO] Updated bybit prices: {'bid': 113600.0, 'ask': 113600.1, 'timestamp': 1754403370.156381}
2025-08-05 17:16:10,156 [INFO] Updated bybit prices: {'bid': 113600.0, 'ask': 113600.1, 'timestamp': 1754403370.1564858}
2025-08-05 17:16:10,156 [INFO] Updated bybit prices: {'bid': 113600.0, 'ask': 113600.1, 'timestamp': 1754403370.156586}
2025-08-05 17:16:10,156 [INFO] Updated bybit prices: {'bid': 113588.8, 'ask': 113588.9, 'timestamp': 1754403370.156681}
2025-08-05 17:16:10,156 [INFO] Updated bybit prices: {'bid': 113598.0, 'ask': 113598.1, 'timestamp': 1754403370.156773}
2025-08-05 17:16:10,156 [INFO] Updated bybit prices: {'bid': 113598.0, 'ask': 113598.1, 'timestamp': 1754403370.156864}
2025-08-05 17:16:10,156 [INFO] Updated bybit prices: {'bid': 113598.0, 'ask': 113598.1, 'timestamp': 1754403370.156951}
2025-08-05 17:16:10,157 [INFO] Updated bybit prices: {'bid': 113599.9, 'ask': 113600.0, 'timestamp': 1754403370.157038}
2025-08-05 17:16:10,157 [INFO] Updated bybit prices: {'bid': 113610.5, 'ask': 113610.6, 'timestamp': 1754403370.157121}
2025-08-05 17:16:10,157 [INFO] Updated bybit prices: {'bid': 113611.1, 'ask': 113611.2, 'timestamp': 1754403370.15721}
2025-08-05 17:16:10,157 [INFO] Updated bybit prices: {'bid': 113613.9, 'ask': 113614.0, 'timestamp': 1754403370.157294}
2025-08-05 17:16:10,157 [INFO] Updated bybit prices: {'bid': 113613.9, 'ask': 113614.0, 'timestamp': 1754403370.157376}
2025-08-05 17:16:10,157 [INFO] Updated bybit prices: {'bid': 113613.9, 'ask': 113614.0, 'timestamp': 1754403370.1574578}
2025-08-05 17:16:10,157 [INFO] Updated bybit prices: {'bid': 113613.9, 'ask': 113614.0, 'timestamp': 1754403370.157538}
2025-08-05 17:16:10,157 [INFO] Updated bybit prices: {'bid': 113613.9, 'ask': 113614.0, 'timestamp': 1754403370.157643}
2025-08-05 17:16:10,157 [INFO] Updated bybit prices: {'bid': 113611.1, 'ask': 113611.2, 'timestamp': 1754403370.1577332}
2025-08-05 17:16:10,157 [INFO] Updated bybit prices: {'bid': 113603.9, 'ask': 113604.0, 'timestamp': 1754403370.1578162}
2025-08-05 17:16:10,157 [INFO] Updated bybit prices: {'bid': 113603.9, 'ask': 113604.0, 'timestamp': 1754403370.157897}
2025-08-05 17:16:10,238 [INFO] Updated bybit prices: {'bid': 113603.9, 'ask': 113604.0, 'timestamp': 1754403370.238847}
2025-08-05 17:16:10,300 [INFO] Updated okx prices: {'bid': 113674.7, 'ask': 113674.8, 'timestamp': 1754403370.300355}
2025-08-05 17:16:10,340 [INFO] Updated bybit prices: {'bid': 113596.3, 'ask': 113596.4, 'timestamp': 1754403370.340228}
2025-08-05 17:16:10,383 [INFO] Updated okx prices: {'bid': 113668.0, 'ask': 113668.1, 'timestamp': 1754403370.383924}
2025-08-05 17:16:10,440 [INFO] Updated bybit prices: {'bid': 113596.3, 'ask': 113596.4, 'timestamp': 1754403370.440398}
2025-08-05 17:16:10,494 [INFO] Updated okx prices: {'bid': 113668.0, 'ask': 113668.1, 'timestamp': 1754403370.4942772}
2025-08-05 17:16:10,539 [INFO] Updated bybit prices: {'bid': 113596.3, 'ask': 113596.4, 'timestamp': 1754403370.539455}
2025-08-05 17:16:10,609 [INFO] Updated okx prices: {'bid': 113668.0, 'ask': 113668.1, 'timestamp': 1754403370.6092422}
2025-08-05 17:16:10,638 [INFO] Updated bybit prices: {'bid': 113596.3, 'ask': 113596.4, 'timestamp': 1754403370.638593}
2025-08-05 17:16:10,738 [INFO] Updated bybit prices: {'bid': 113596.3, 'ask': 113596.4, 'timestamp': 1754403370.7388191}
2025-08-05 17:16:10,739 [INFO] Updated okx prices: {'bid': 113668.0, 'ask': 113668.1, 'timestamp': 1754403370.739129}
2025-08-05 17:16:10,839 [INFO] Updated bybit prices: {'bid': 113596.3, 'ask': 113596.4, 'timestamp': 1754403370.839638}
2025-08-05 17:16:10,874 [INFO] Updated okx prices: {'bid': 113668.0, 'ask': 113668.1, 'timestamp': 1754403370.874507}
2025-08-05 17:16:10,938 [INFO] Updated bybit prices: {'bid': 113596.3, 'ask': 113596.4, 'timestamp': 1754403370.938603}
2025-08-05 17:16:10,988 [INFO] Updated okx prices: {'bid': 113668.0, 'ask': 113668.1, 'timestamp': 1754403370.988363}
2025-08-05 17:16:11,039 [INFO] Updated bybit prices: {'bid': 113596.3, 'ask': 113596.4, 'timestamp': 1754403371.039078}
2025-08-05 17:16:11,100 [INFO] Updated okx prices: {'bid': 113667.8, 'ask': 113667.9, 'timestamp': 1754403371.1007712}
2025-08-05 17:16:11,139 [INFO] Updated bybit prices: {'bid': 113596.3, 'ask': 113596.4, 'timestamp': 1754403371.139679}
2025-08-05 17:16:11,203 [INFO] Updated okx prices: {'bid': 113667.8, 'ask': 113667.9, 'timestamp': 1754403371.203798}
2025-08-05 17:16:11,238 [INFO] Updated bybit prices: {'bid': 113596.3, 'ask': 113596.4, 'timestamp': 1754403371.2385862}
2025-08-05 17:16:11,316 [INFO] Updated okx prices: {'bid': 113664.0, 'ask': 113664.1, 'timestamp': 1754403371.316633}
2025-08-05 17:16:11,345 [INFO] Updated bybit prices: {'bid': 113596.3, 'ask': 113596.4, 'timestamp': 1754403371.345313}
2025-08-05 17:16:11,439 [INFO] Updated bybit prices: {'bid': 113596.8, 'ask': 113596.9, 'timestamp': 1754403371.4395142}
2025-08-05 17:16:11,447 [INFO] Updated okx prices: {'bid': 113666.9, 'ask': 113667.0, 'timestamp': 1754403371.4469929}
2025-08-05 17:16:11,539 [INFO] Updated bybit prices: {'bid': 113599.9, 'ask': 113600.0, 'timestamp': 1754403371.539532}
2025-08-05 17:16:11,562 [INFO] Updated okx prices: {'bid': 113666.9, 'ask': 113667.0, 'timestamp': 1754403371.562718}
2025-08-05 17:16:11,640 [INFO] Updated bybit prices: {'bid': 113599.9, 'ask': 113600.0, 'timestamp': 1754403371.6406689}
2025-08-05 17:16:11,681 [INFO] Updated okx prices: {'bid': 113666.9, 'ask': 113667.0, 'timestamp': 1754403371.6816661}
2025-08-05 17:16:11,738 [INFO] Updated bybit prices: {'bid': 113591.1, 'ask': 113591.2, 'timestamp': 1754403371.738417}
2025-08-05 17:16:11,783 [INFO] Updated okx prices: {'bid': 113662.0, 'ask': 113663.9, 'timestamp': 1754403371.782985}
2025-08-05 17:16:11,841 [INFO] Updated bybit prices: {'bid': 113587.3, 'ask': 113587.4, 'timestamp': 1754403371.841561}
2025-08-05 17:16:11,900 [INFO] Updated okx prices: {'bid': 113656.7, 'ask': 113662.1, 'timestamp': 1754403371.899966}
2025-08-05 17:16:11,939 [INFO] Updated bybit prices: {'bid': 113578.2, 'ask': 113578.3, 'timestamp': 1754403371.939568}
2025-08-05 17:16:12,040 [INFO] Updated bybit prices: {'bid': 113582.0, 'ask': 113582.1, 'timestamp': 1754403372.0407739}
2025-08-05 17:16:12,052 [INFO] Updated okx prices: {'bid': 113656.7, 'ask': 113656.8, 'timestamp': 1754403372.0520792}
2025-08-05 17:16:12,139 [INFO] Updated bybit prices: {'bid': 113582.0, 'ask': 113582.1, 'timestamp': 1754403372.139244}
2025-08-05 17:16:12,185 [INFO] Updated okx prices: {'bid': 113656.7, 'ask': 113656.8, 'timestamp': 1754403372.184993}
2025-08-05 17:16:12,239 [INFO] Updated bybit prices: {'bid': 113582.0, 'ask': 113582.1, 'timestamp': 1754403372.239159}
2025-08-05 17:16:12,289 [INFO] Updated okx prices: {'bid': 113656.7, 'ask': 113656.8, 'timestamp': 1754403372.288954}
2025-08-05 17:16:12,338 [INFO] Updated bybit prices: {'bid': 113582.0, 'ask': 113582.1, 'timestamp': 1754403372.338777}
2025-08-05 17:16:12,394 [INFO] Updated okx prices: {'bid': 113656.7, 'ask': 113656.8, 'timestamp': 1754403372.394279}
2025-08-05 17:16:12,439 [INFO] Updated bybit prices: {'bid': 113583.1, 'ask': 113584.4, 'timestamp': 1754403372.439049}
2025-08-05 17:16:12,539 [INFO] Updated bybit prices: {'bid': 113592.1, 'ask': 113592.2, 'timestamp': 1754403372.539218}
2025-08-05 17:16:12,638 [INFO] Updated bybit prices: {'bid': 113596.2, 'ask': 113596.3, 'timestamp': 1754403372.638575}
2025-08-05 17:16:12,687 [INFO] Updated okx prices: {'bid': 113668.0, 'ask': 113673.7, 'timestamp': 1754403372.687626}
2025-08-05 17:16:12,738 [INFO] Updated bybit prices: {'bid': 113596.2, 'ask': 113596.3, 'timestamp': 1754403372.738533}
2025-08-05 17:16:12,799 [INFO] Updated okx prices: {'bid': 113672.0, 'ask': 113672.1, 'timestamp': 1754403372.7995641}
2025-08-05 17:16:12,940 [INFO] Updated okx prices: {'bid': 113672.0, 'ask': 113672.1, 'timestamp': 1754403372.940508}
2025-08-05 17:16:13,028 [INFO] Updated bybit prices: {'bid': 113596.2, 'ask': 113596.3, 'timestamp': 1754403373.028131}
2025-08-05 17:16:13,028 [INFO] Updated bybit prices: {'bid': 113596.2, 'ask': 113596.3, 'timestamp': 1754403373.028565}
2025-08-05 17:16:13,081 [INFO] Updated okx prices: {'bid': 113668.0, 'ask': 113672.1, 'timestamp': 1754403373.0809631}
2025-08-05 17:16:13,117 [INFO] Updated bybit prices: {'bid': 113596.2, 'ask': 113596.3, 'timestamp': 1754403373.117918}
2025-08-05 17:16:13,138 [INFO] Updated bybit prices: {'bid': 113587.5, 'ask': 113587.6, 'timestamp': 1754403373.13889}
2025-08-05 17:16:13,194 [INFO] Updated okx prices: {'bid': 113658.0, 'ask': 113668.1, 'timestamp': 1754403373.194616}
2025-08-05 17:16:13,241 [INFO] Updated bybit prices: {'bid': 113581.2, 'ask': 113581.3, 'timestamp': 1754403373.241034}
2025-08-05 17:16:13,339 [INFO] Updated bybit prices: {'bid': 113581.2, 'ask': 113581.3, 'timestamp': 1754403373.339091}
2025-08-05 17:16:13,341 [INFO] Updated okx prices: {'bid': 113656.7, 'ask': 113656.8, 'timestamp': 1754403373.340988}
2025-08-05 17:16:13,439 [INFO] Updated bybit prices: {'bid': 113581.2, 'ask': 113581.3, 'timestamp': 1754403373.439204}
2025-08-05 17:16:13,481 [INFO] Updated okx prices: {'bid': 113656.7, 'ask': 113656.8, 'timestamp': 1754403373.481051}
2025-08-05 17:16:13,538 [INFO] Updated bybit prices: {'bid': 113581.2, 'ask': 113581.3, 'timestamp': 1754403373.538868}
2025-08-05 17:16:13,589 [INFO] Updated okx prices: {'bid': 113656.7, 'ask': 113656.8, 'timestamp': 1754403373.5892081}
2025-08-05 17:16:13,639 [INFO] Updated bybit prices: {'bid': 113581.2, 'ask': 113581.3, 'timestamp': 1754403373.63924}
2025-08-05 17:16:13,690 [INFO] Updated okx prices: {'bid': 113656.7, 'ask': 113656.8, 'timestamp': 1754403373.690803}
2025-08-05 17:16:13,739 [INFO] Updated bybit prices: {'bid': 113581.2, 'ask': 113581.3, 'timestamp': 1754403373.739359}
2025-08-05 17:16:13,838 [INFO] Updated bybit prices: {'bid': 113581.2, 'ask': 113581.3, 'timestamp': 1754403373.838733}
2025-08-05 17:16:13,915 [INFO] Updated okx prices: {'bid': 113656.7, 'ask': 113656.8, 'timestamp': 1754403373.915141}
2025-08-05 17:16:13,940 [INFO] Updated bybit prices: {'bid': 113581.2, 'ask': 113581.3, 'timestamp': 1754403373.940533}
2025-08-05 17:16:14,037 [INFO] Updated okx prices: {'bid': 113656.7, 'ask': 113656.8, 'timestamp': 1754403374.037247}
2025-08-05 17:16:14,040 [INFO] Updated bybit prices: {'bid': 113581.2, 'ask': 113581.3, 'timestamp': 1754403374.0400362}
2025-08-05 17:16:14,139 [INFO] Updated bybit prices: {'bid': 113581.2, 'ask': 113581.3, 'timestamp': 1754403374.139485}
2025-08-05 17:16:14,149 [INFO] Updated okx prices: {'bid': 113656.7, 'ask': 113656.8, 'timestamp': 1754403374.1491609}
2025-08-05 17:16:14,297 [INFO] Updated okx prices: {'bid': 113656.7, 'ask': 113656.8, 'timestamp': 1754403374.2975411}
2025-08-05 17:16:14,339 [INFO] Updated bybit prices: {'bid': 113577.0, 'ask': 113577.1, 'timestamp': 1754403374.339487}
2025-08-05 17:16:14,386 [INFO] Updated okx prices: {'bid': 113644.0, 'ask': 113644.1, 'timestamp': 1754403374.386082}
2025-08-05 17:16:14,438 [INFO] Updated bybit prices: {'bid': 113565.9, 'ask': 113566.0, 'timestamp': 1754403374.438747}
2025-08-05 17:16:14,500 [INFO] Updated okx prices: {'bid': 113644.0, 'ask': 113644.1, 'timestamp': 1754403374.500087}
2025-08-05 17:16:14,538 [INFO] Updated bybit prices: {'bid': 113565.9, 'ask': 113566.0, 'timestamp': 1754403374.5386062}
2025-08-05 17:16:14,619 [INFO] Updated okx prices: {'bid': 113641.2, 'ask': 113642.1, 'timestamp': 1754403374.619027}
2025-08-05 17:16:14,639 [INFO] Updated bybit prices: {'bid': 113565.9, 'ask': 113566.0, 'timestamp': 1754403374.639072}
2025-08-05 17:16:14,744 [INFO] Updated bybit prices: {'bid': 113565.9, 'ask': 113566.0, 'timestamp': 1754403374.744498}
2025-08-05 17:16:14,759 [INFO] Updated okx prices: {'bid': 113636.0, 'ask': 113636.1, 'timestamp': 1754403374.75908}
2025-08-05 17:16:14,838 [INFO] Updated bybit prices: {'bid': 113565.9, 'ask': 113566.0, 'timestamp': 1754403374.838581}
2025-08-05 17:16:14,888 [INFO] Updated okx prices: {'bid': 113636.0, 'ask': 113636.1, 'timestamp': 1754403374.8880472}
2025-08-05 17:16:14,938 [INFO] Updated bybit prices: {'bid': 113565.9, 'ask': 113566.0, 'timestamp': 1754403374.938755}
2025-08-05 17:16:15,003 [INFO] Updated okx prices: {'bid': 113636.0, 'ask': 113636.1, 'timestamp': 1754403375.003832}
2025-08-05 17:16:15,039 [INFO] Updated bybit prices: {'bid': 113565.9, 'ask': 113566.0, 'timestamp': 1754403375.0391538}
2025-08-05 17:16:15,138 [INFO] Updated bybit prices: {'bid': 113565.9, 'ask': 113566.0, 'timestamp': 1754403375.138751}
2025-08-05 17:16:15,149 [INFO] Updated okx prices: {'bid': 113636.0, 'ask': 113636.1, 'timestamp': 1754403375.149175}
2025-08-05 17:16:15,238 [INFO] Updated bybit prices: {'bid': 113575.8, 'ask': 113575.9, 'timestamp': 1754403375.2387269}
2025-08-05 17:16:15,252 [INFO] Updated okx prices: {'bid': 113636.0, 'ask': 113636.1, 'timestamp': 1754403375.252728}
2025-08-05 17:16:15,338 [INFO] Updated bybit prices: {'bid': 113575.8, 'ask': 113575.9, 'timestamp': 1754403375.3381271}
2025-08-05 17:16:15,376 [INFO] Updated okx prices: {'bid': 113641.9, 'ask': 113642.0, 'timestamp': 1754403375.376231}
2025-08-05 17:16:15,440 [INFO] Updated bybit prices: {'bid': 113581.2, 'ask': 113581.3, 'timestamp': 1754403375.4408891}
2025-08-05 17:16:15,497 [INFO] Updated okx prices: {'bid': 113647.9, 'ask': 113648.0, 'timestamp': 1754403375.4973068}
2025-08-05 17:16:15,547 [INFO] Updated bybit prices: {'bid': 113590.1, 'ask': 113590.2, 'timestamp': 1754403375.547176}
2025-08-05 17:16:15,607 [INFO] Updated okx prices: {'bid': 113653.5, 'ask': 113654.0, 'timestamp': 1754403375.606965}
2025-08-05 17:16:15,638 [INFO] Updated bybit prices: {'bid': 113591.8, 'ask': 113591.9, 'timestamp': 1754403375.638456}
2025-08-05 17:16:15,709 [INFO] Updated okx prices: {'bid': 113657.9, 'ask': 113658.0, 'timestamp': 1754403375.708991}
2025-08-05 17:16:15,739 [INFO] Updated bybit prices: {'bid': 113591.8, 'ask': 113591.9, 'timestamp': 1754403375.7391832}
2025-08-05 17:16:15,838 [INFO] Updated bybit prices: {'bid': 113591.8, 'ask': 113591.9, 'timestamp': 1754403375.8388648}
2025-08-05 17:16:15,849 [INFO] Updated okx prices: {'bid': 113657.9, 'ask': 113658.0, 'timestamp': 1754403375.8497531}
2025-08-05 17:16:15,939 [INFO] Updated bybit prices: {'bid': 113591.8, 'ask': 113591.9, 'timestamp': 1754403375.939776}
2025-08-05 17:16:15,957 [INFO] Updated okx prices: {'bid': 113657.9, 'ask': 113658.0, 'timestamp': 1754403375.957643}
2025-08-05 17:16:16,039 [INFO] Updated bybit prices: {'bid': 113591.8, 'ask': 113591.9, 'timestamp': 1754403376.039285}
2025-08-05 17:16:16,067 [INFO] Updated okx prices: {'bid': 113657.9, 'ask': 113658.0, 'timestamp': 1754403376.067361}
2025-08-05 17:16:16,138 [INFO] Updated bybit prices: {'bid': 113591.8, 'ask': 113591.9, 'timestamp': 1754403376.13874}
2025-08-05 17:16:16,199 [INFO] Updated okx prices: {'bid': 113657.9, 'ask': 113658.0, 'timestamp': 1754403376.1992562}
2025-08-05 17:16:16,240 [INFO] Updated bybit prices: {'bid': 113591.8, 'ask': 113591.9, 'timestamp': 1754403376.240565}
2025-08-05 17:16:16,288 [INFO] Updated okx prices: {'bid': 113657.9, 'ask': 113658.0, 'timestamp': 1754403376.287955}
2025-08-05 17:16:16,339 [INFO] Updated bybit prices: {'bid': 113591.8, 'ask': 113591.9, 'timestamp': 1754403376.339678}
2025-08-05 17:16:16,391 [INFO] Updated okx prices: {'bid': 113657.9, 'ask': 113658.0, 'timestamp': 1754403376.39101}
2025-08-05 17:16:16,439 [INFO] Updated bybit prices: {'bid': 113591.8, 'ask': 113591.9, 'timestamp': 1754403376.438935}
2025-08-05 17:16:16,506 [INFO] Updated okx prices: {'bid': 113659.9, 'ask': 113660.0, 'timestamp': 1754403376.506516}
2025-08-05 17:16:16,539 [INFO] Updated bybit prices: {'bid': 113596.2, 'ask': 113596.3, 'timestamp': 1754403376.539475}
2025-08-05 17:16:16,638 [INFO] Updated bybit prices: {'bid': 113596.2, 'ask': 113596.3, 'timestamp': 1754403376.6383512}
2025-08-05 17:16:16,657 [INFO] Updated okx prices: {'bid': 113659.9, 'ask': 113660.0, 'timestamp': 1754403376.65762}
2025-08-05 17:16:16,739 [INFO] Updated bybit prices: {'bid': 113596.2, 'ask': 113596.3, 'timestamp': 1754403376.739605}
2025-08-05 17:16:16,788 [INFO] Updated okx prices: {'bid': 113659.9, 'ask': 113660.0, 'timestamp': 1754403376.7880461}
2025-08-05 17:16:16,839 [INFO] Updated bybit prices: {'bid': 113596.2, 'ask': 113596.3, 'timestamp': 1754403376.839061}
2025-08-05 17:16:16,902 [INFO] Updated okx prices: {'bid': 113659.9, 'ask': 113660.0, 'timestamp': 1754403376.902807}
2025-08-05 17:16:16,938 [INFO] Updated bybit prices: {'bid': 113596.2, 'ask': 113596.3, 'timestamp': 1754403376.938407}
2025-08-05 17:16:17,039 [INFO] Updated bybit prices: {'bid': 113596.2, 'ask': 113596.3, 'timestamp': 1754403377.0392342}
2025-08-05 17:16:17,043 [INFO] Updated okx prices: {'bid': 113659.9, 'ask': 113660.0, 'timestamp': 1754403377.043346}
2025-08-05 17:16:17,138 [INFO] Updated bybit prices: {'bid': 113596.2, 'ask': 113596.3, 'timestamp': 1754403377.1388469}
2025-08-05 17:16:17,149 [INFO] Updated okx prices: {'bid': 113659.9, 'ask': 113660.0, 'timestamp': 1754403377.149151}
2025-08-05 17:16:17,238 [INFO] Updated bybit prices: {'bid': 113596.2, 'ask': 113596.3, 'timestamp': 1754403377.2388349}
2025-08-05 17:16:17,265 [INFO] Updated okx prices: {'bid': 113659.9, 'ask': 113664.8, 'timestamp': 1754403377.265635}
2025-08-05 17:16:17,345 [INFO] Updated bybit prices: {'bid': 113611.7, 'ask': 113611.8, 'timestamp': 1754403377.3453388}
2025-08-05 17:16:17,388 [INFO] Updated okx prices: {'bid': 113677.9, 'ask': 113678.0, 'timestamp': 1754403377.388064}
2025-08-05 17:16:17,439 [INFO] Updated bybit prices: {'bid': 113615.1, 'ask': 113615.2, 'timestamp': 1754403377.439413}
2025-08-05 17:16:17,493 [INFO] Updated okx prices: {'bid': 113681.9, 'ask': 113684.2, 'timestamp': 1754403377.49371}
2025-08-05 17:16:17,538 [INFO] Updated bybit prices: {'bid': 113617.6, 'ask': 113617.7, 'timestamp': 1754403377.5387142}
2025-08-05 17:16:17,599 [INFO] Updated okx prices: {'bid': 113685.9, 'ask': 113686.0, 'timestamp': 1754403377.598942}
2025-08-05 17:16:17,639 [INFO] Updated bybit prices: {'bid': 113617.6, 'ask': 113617.7, 'timestamp': 1754403377.639285}
2025-08-05 17:16:17,726 [INFO] Updated okx prices: {'bid': 113685.9, 'ask': 113686.0, 'timestamp': 1754403377.726439}
2025-08-05 17:16:17,738 [INFO] Updated bybit prices: {'bid': 113617.6, 'ask': 113617.7, 'timestamp': 1754403377.738296}
2025-08-05 17:16:17,839 [INFO] Updated bybit prices: {'bid': 113617.6, 'ask': 113617.7, 'timestamp': 1754403377.8390641}
2025-08-05 17:16:17,847 [INFO] Updated okx prices: {'bid': 113685.9, 'ask': 113686.0, 'timestamp': 1754403377.847102}
2025-08-05 17:16:17,954 [INFO] Updated okx prices: {'bid': 113685.9, 'ask': 113686.0, 'timestamp': 1754403377.954818}
2025-08-05 17:16:18,092 [INFO] Updated okx prices: {'bid': 113685.9, 'ask': 113686.0, 'timestamp': 1754403378.09242}
2025-08-05 17:16:18,128 [INFO] Updated bybit prices: {'bid': 113617.6, 'ask': 113617.7, 'timestamp': 1754403378.128464}
2025-08-05 17:16:18,128 [INFO] Updated bybit prices: {'bid': 113617.6, 'ask': 113617.7, 'timestamp': 1754403378.1286669}
2025-08-05 17:16:18,186 [INFO] Updated okx prices: {'bid': 113685.9, 'ask': 113686.0, 'timestamp': 1754403378.186506}
2025-08-05 17:16:18,218 [INFO] Updated bybit prices: {'bid': 113617.6, 'ask': 113617.7, 'timestamp': 1754403378.21872}
2025-08-05 17:16:18,238 [INFO] Updated bybit prices: {'bid': 113617.6, 'ask': 113617.7, 'timestamp': 1754403378.238554}
2025-08-05 17:16:18,312 [INFO] Updated okx prices: {'bid': 113685.9, 'ask': 113686.0, 'timestamp': 1754403378.3121479}
2025-08-05 17:16:18,338 [INFO] Updated bybit prices: {'bid': 113622.6, 'ask': 113622.9, 'timestamp': 1754403378.338109}
2025-08-05 17:16:18,438 [INFO] Updated bybit prices: {'bid': 113628.7, 'ask': 113628.8, 'timestamp': 1754403378.438752}
2025-08-05 17:16:18,460 [INFO] Updated okx prices: {'bid': 113693.9, 'ask': 113694.0, 'timestamp': 1754403378.459968}
2025-08-05 17:16:18,540 [INFO] Updated bybit prices: {'bid': 113628.7, 'ask': 113628.8, 'timestamp': 1754403378.540419}
2025-08-05 17:16:18,583 [INFO] Updated okx prices: {'bid': 113693.9, 'ask': 113694.0, 'timestamp': 1754403378.583623}
2025-08-05 17:16:18,637 [INFO] Updated bybit prices: {'bid': 113628.7, 'ask': 113628.8, 'timestamp': 1754403378.637898}
2025-08-05 17:16:18,695 [INFO] Updated okx prices: {'bid': 113693.9, 'ask': 113694.0, 'timestamp': 1754403378.6954958}
2025-08-05 17:16:18,738 [INFO] Updated bybit prices: {'bid': 113628.7, 'ask': 113628.8, 'timestamp': 1754403378.7382112}
2025-08-05 17:16:18,794 [INFO] Updated okx prices: {'bid': 113693.9, 'ask': 113694.0, 'timestamp': 1754403378.794948}
2025-08-05 17:16:18,938 [INFO] Updated bybit prices: {'bid': 113628.7, 'ask': 113628.8, 'timestamp': 1754403378.938883}
2025-08-05 17:16:18,948 [INFO] Updated okx prices: {'bid': 113693.9, 'ask': 113694.0, 'timestamp': 1754403378.9480278}
2025-08-05 17:16:19,040 [INFO] Updated bybit prices: {'bid': 113628.7, 'ask': 113628.8, 'timestamp': 1754403379.040166}
2025-08-05 17:16:19,062 [INFO] Updated okx prices: {'bid': 113693.9, 'ask': 113694.0, 'timestamp': 1754403379.062079}
2025-08-05 17:16:19,138 [INFO] Updated bybit prices: {'bid': 113620.0, 'ask': 113620.1, 'timestamp': 1754403379.13822}
2025-08-05 17:16:19,188 [INFO] Updated okx prices: {'bid': 113692.7, 'ask': 113692.8, 'timestamp': 1754403379.188085}
2025-08-05 17:16:19,239 [INFO] Updated bybit prices: {'bid': 113617.6, 'ask': 113617.7, 'timestamp': 1754403379.239029}
2025-08-05 17:16:19,288 [INFO] Updated okx prices: {'bid': 113686.0, 'ask': 113686.1, 'timestamp': 1754403379.288085}
2025-08-05 17:16:19,338 [INFO] Updated bybit prices: {'bid': 113617.6, 'ask': 113617.7, 'timestamp': 1754403379.338905}
2025-08-05 17:16:19,387 [INFO] Updated okx prices: {'bid': 113684.0, 'ask': 113684.1, 'timestamp': 1754403379.387882}
2025-08-05 17:16:19,439 [INFO] Updated bybit prices: {'bid': 113617.6, 'ask': 113617.7, 'timestamp': 1754403379.4389818}
2025-08-05 17:16:19,500 [INFO] Updated okx prices: {'bid': 113684.0, 'ask': 113684.1, 'timestamp': 1754403379.5005598}
2025-08-05 17:16:19,545 [INFO] Updated bybit prices: {'bid': 113617.6, 'ask': 113617.7, 'timestamp': 1754403379.5451021}
2025-08-05 17:16:19,646 [INFO] Updated okx prices: {'bid': 113684.0, 'ask': 113684.1, 'timestamp': 1754403379.6464698}
2025-08-05 17:16:19,646 [INFO] Updated bybit prices: {'bid': 113617.6, 'ask': 113617.7, 'timestamp': 1754403379.6467688}
2025-08-05 17:16:19,742 [INFO] Updated okx prices: {'bid': 113684.0, 'ask': 113684.1, 'timestamp': 1754403379.7421}
2025-08-05 17:16:19,742 [INFO] Updated bybit prices: {'bid': 113617.6, 'ask': 113617.7, 'timestamp': 1754403379.742269}
2025-08-05 17:16:19,839 [INFO] Updated bybit prices: {'bid': 113617.6, 'ask': 113617.7, 'timestamp': 1754403379.8390038}
2025-08-05 17:16:19,881 [INFO] Updated okx prices: {'bid': 113684.0, 'ask': 113684.1, 'timestamp': 1754403379.880996}
2025-08-05 17:16:19,945 [INFO] Updated bybit prices: {'bid': 113617.6, 'ask': 113617.7, 'timestamp': 1754403379.9453928}
2025-08-05 17:16:19,991 [INFO] Updated okx prices: {'bid': 113684.0, 'ask': 113684.1, 'timestamp': 1754403379.991231}
2025-08-05 17:16:20,042 [INFO] Updated bybit prices: {'bid': 113610.0, 'ask': 113610.1, 'timestamp': 1754403380.042071}
2025-08-05 17:16:20,082 [INFO] Updated okx prices: {'bid': 113684.0, 'ask': 113684.1, 'timestamp': 1754403380.082568}
2025-08-05 17:16:20,138 [INFO] Updated bybit prices: {'bid': 113610.0, 'ask': 113610.1, 'timestamp': 1754403380.138643}
2025-08-05 17:16:20,191 [INFO] Updated okx prices: {'bid': 113684.0, 'ask': 113684.1, 'timestamp': 1754403380.191166}
2025-08-05 17:16:20,238 [INFO] Updated bybit prices: {'bid': 113610.0, 'ask': 113610.1, 'timestamp': 1754403380.2388911}
2025-08-05 17:18:41,032 [INFO] [OKX] Подключено к wss://ws.okx.com:8443/ws/v5/public
2025-08-05 17:18:41,032 [INFO] [OKX] Подписка с payload: {"op": "subscribe", "args": [{"channel": "tickers", "instId": "BTC-USDT"}]}
2025-08-05 17:18:41,080 [INFO] [Bybit] Подключено к wss://stream.bybit.com/v5/public/linear
2025-08-05 17:18:41,081 [INFO] [Bybit] Подписка с payload: {"op": "subscribe", "args": ["tickers.BTCUSDT"]}
2025-08-05 17:18:41,311 [INFO] Обновлены цены okx: {'bid': 113561.1, 'ask': 113561.2, 'timestamp': 1754403521.31137}
2025-08-05 17:18:41,352 [INFO] Обновлены цены bybit: {'bid': 113493.6, 'ask': 113493.7, 'timestamp': 1754403521.352633}
2025-08-05 17:18:41,352 [INFO] Обновлены цены bybit: {'bid': 113493.6, 'ask': 113493.7, 'timestamp': 1754403521.352819}
2025-08-05 17:18:41,353 [INFO] Обновлены цены bybit: {'bid': 113493.6, 'ask': 113493.7, 'timestamp': 1754403521.3529868}
2025-08-05 17:18:41,353 [INFO] Обновлены цены bybit: {'bid': 113493.6, 'ask': 113493.7, 'timestamp': 1754403521.3531342}
2025-08-05 17:18:41,353 [INFO] Обновлены цены bybit: {'bid': 113493.6, 'ask': 113493.7, 'timestamp': 1754403521.353206}
2025-08-05 17:18:41,353 [INFO] Обновлены цены bybit: {'bid': 113493.6, 'ask': 113493.7, 'timestamp': 1754403521.353368}
2025-08-05 17:18:41,353 [INFO] Обновлены цены bybit: {'bid': 113493.6, 'ask': 113493.7, 'timestamp': 1754403521.3535218}
2025-08-05 17:18:41,353 [INFO] Обновлены цены bybit: {'bid': 113493.6, 'ask': 113493.7, 'timestamp': 1754403521.3536}
2025-08-05 17:18:41,353 [INFO] Обновлены цены bybit: {'bid': 113493.6, 'ask': 113493.7, 'timestamp': 1754403521.3536608}
2025-08-05 17:18:41,353 [INFO] Обновлены цены bybit: {'bid': 113493.6, 'ask': 113493.7, 'timestamp': 1754403521.353719}
2025-08-05 17:18:41,353 [INFO] Обновлены цены bybit: {'bid': 113493.6, 'ask': 113493.7, 'timestamp': 1754403521.353766}
2025-08-05 17:18:41,462 [INFO] Обновлены цены okx: {'bid': 113561.1, 'ask': 113561.2, 'timestamp': 1754403521.4624221}
2025-08-05 17:18:41,536 [INFO] Обновлены цены bybit: {'bid': 113493.6, 'ask': 113493.7, 'timestamp': 1754403521.536461}
2025-08-05 17:18:41,594 [INFO] Обновлены цены okx: {'bid': 113561.1, 'ask': 113561.2, 'timestamp': 1754403521.59395}
2025-08-05 17:18:41,639 [INFO] Обновлены цены bybit: {'bid': 113493.6, 'ask': 113493.7, 'timestamp': 1754403521.639623}
2025-08-05 17:18:41,734 [INFO] Обновлены цены okx: {'bid': 113561.1, 'ask': 113561.2, 'timestamp': 1754403521.7342348}
2025-08-05 17:18:41,736 [INFO] Обновлены цены bybit: {'bid': 113489.0, 'ask': 113489.1, 'timestamp': 1754403521.736267}
2025-08-05 17:18:41,816 [INFO] Обновлены цены okx: {'bid': 113561.1, 'ask': 113561.2, 'timestamp': 1754403521.8164759}
2025-08-05 17:18:41,836 [INFO] Обновлены цены bybit: {'bid': 113489.0, 'ask': 113489.1, 'timestamp': 1754403521.835977}
2025-08-05 17:18:41,941 [INFO] Обновлены цены bybit: {'bid': 113489.0, 'ask': 113489.1, 'timestamp': 1754403521.940906}
2025-08-05 17:18:41,964 [INFO] Обновлены цены okx: {'bid': 113561.1, 'ask': 113561.2, 'timestamp': 1754403521.964001}
2025-08-05 17:18:42,037 [INFO] Обновлены цены bybit: {'bid': 113489.0, 'ask': 113489.1, 'timestamp': 1754403522.037057}
2025-08-05 17:18:42,087 [INFO] Обновлены цены okx: {'bid': 113561.1, 'ask': 113561.2, 'timestamp': 1754403522.0877209}
2025-08-05 17:18:42,136 [INFO] Обновлены цены bybit: {'bid': 113489.0, 'ask': 113489.1, 'timestamp': 1754403522.1364129}
2025-08-05 17:18:42,189 [INFO] Обновлены цены okx: {'bid': 113561.1, 'ask': 113561.2, 'timestamp': 1754403522.189224}
2025-08-05 17:18:42,236 [INFO] Обновлены цены bybit: {'bid': 113489.0, 'ask': 113489.1, 'timestamp': 1754403522.236832}
2025-08-05 17:18:42,299 [INFO] Обновлены цены okx: {'bid': 113561.1, 'ask': 113561.2, 'timestamp': 1754403522.299556}
2025-08-05 17:18:42,337 [INFO] Обновлены цены bybit: {'bid': 113489.0, 'ask': 113489.1, 'timestamp': 1754403522.337686}
2025-08-05 17:18:42,400 [INFO] Обновлены цены okx: {'bid': 113561.1, 'ask': 113561.2, 'timestamp': 1754403522.400785}
2025-08-05 17:18:42,437 [INFO] Обновлены цены bybit: {'bid': 113489.0, 'ask': 113489.1, 'timestamp': 1754403522.4377139}
2025-08-05 17:18:42,538 [INFO] Обновлены цены bybit: {'bid': 113489.0, 'ask': 113489.1, 'timestamp': 1754403522.537954}
2025-08-05 17:18:42,640 [INFO] Обновлены цены bybit: {'bid': 113489.0, 'ask': 113489.1, 'timestamp': 1754403522.6401012}
2025-08-05 17:18:42,652 [INFO] Обновлены цены okx: {'bid': 113561.1, 'ask': 113561.2, 'timestamp': 1754403522.6525419}
2025-08-05 17:18:42,736 [INFO] Обновлены цены bybit: {'bid': 113489.0, 'ask': 113489.1, 'timestamp': 1754403522.736085}
2025-08-05 17:18:42,759 [INFO] Обновлены цены okx: {'bid': 113561.1, 'ask': 113561.2, 'timestamp': 1754403522.759491}
2025-08-05 17:18:42,837 [INFO] Обновлены цены bybit: {'bid': 113489.0, 'ask': 113489.1, 'timestamp': 1754403522.837622}
2025-08-05 17:18:42,899 [INFO] Обновлены цены okx: {'bid': 113561.1, 'ask': 113561.2, 'timestamp': 1754403522.899613}
2025-08-05 17:18:42,937 [INFO] Обновлены цены bybit: {'bid': 113489.0, 'ask': 113489.1, 'timestamp': 1754403522.937155}
2025-08-05 17:18:43,001 [INFO] Обновлены цены okx: {'bid': 113561.1, 'ask': 113561.2, 'timestamp': 1754403523.001782}
2025-08-05 17:18:43,036 [INFO] Обновлены цены bybit: {'bid': 113489.0, 'ask': 113489.1, 'timestamp': 1754403523.036793}
2025-08-05 17:18:43,137 [INFO] Обновлены цены bybit: {'bid': 113489.0, 'ask': 113489.1, 'timestamp': 1754403523.137611}
2025-08-05 17:18:43,155 [INFO] Обновлены цены okx: {'bid': 113561.1, 'ask': 113561.2, 'timestamp': 1754403523.155873}
2025-08-05 17:18:43,282 [INFO] Обновлены цены okx: {'bid': 113561.1, 'ask': 113561.2, 'timestamp': 1754403523.28249}
2025-08-05 17:18:43,340 [INFO] Обновлены цены bybit: {'bid': 113493.2, 'ask': 113493.3, 'timestamp': 1754403523.3401759}
2025-08-05 17:18:43,387 [INFO] Обновлены цены okx: {'bid': 113561.1, 'ask': 113561.2, 'timestamp': 1754403523.387936}
2025-08-05 17:18:43,437 [INFO] Обновлены цены bybit: {'bid': 113493.2, 'ask': 113493.3, 'timestamp': 1754403523.437501}
2025-08-05 17:18:43,494 [INFO] Обновлены цены okx: {'bid': 113561.1, 'ask': 113561.2, 'timestamp': 1754403523.494195}
2025-08-05 17:18:43,536 [INFO] Обновлены цены bybit: {'bid': 113493.5, 'ask': 113493.6, 'timestamp': 1754403523.536654}
2025-08-05 17:18:43,635 [INFO] Обновлены цены bybit: {'bid': 113493.5, 'ask': 113493.6, 'timestamp': 1754403523.635966}
2025-08-05 17:18:43,648 [INFO] Обновлены цены okx: {'bid': 113561.1, 'ask': 113561.2, 'timestamp': 1754403523.648449}
2025-08-05 17:18:43,736 [INFO] Обновлены цены bybit: {'bid': 113493.5, 'ask': 113493.6, 'timestamp': 1754403523.736427}
2025-08-05 17:18:43,755 [INFO] Обновлены цены okx: {'bid': 113561.1, 'ask': 113561.2, 'timestamp': 1754403523.7555509}
2025-08-05 17:18:43,838 [INFO] Обновлены цены bybit: {'bid': 113493.5, 'ask': 113493.6, 'timestamp': 1754403523.838109}
2025-08-05 17:18:43,889 [INFO] Обновлены цены okx: {'bid': 113561.1, 'ask': 113561.2, 'timestamp': 1754403523.8889852}
2025-08-05 17:18:43,937 [INFO] Обновлены цены bybit: {'bid': 113493.5, 'ask': 113493.6, 'timestamp': 1754403523.9375281}
2025-08-05 17:18:43,992 [INFO] Обновлены цены okx: {'bid': 113561.1, 'ask': 113561.2, 'timestamp': 1754403523.9921012}
2025-08-05 17:18:44,096 [INFO] Обновлены цены okx: {'bid': 113561.1, 'ask': 113561.2, 'timestamp': 1754403524.096554}
2025-08-05 17:18:44,191 [INFO] Обновлены цены okx: {'bid': 113561.1, 'ask': 113561.2, 'timestamp': 1754403524.1912162}
2025-08-05 17:18:44,235 [INFO] Обновлены цены bybit: {'bid': 113493.5, 'ask': 113493.6, 'timestamp': 1754403524.2355719}
2025-08-05 17:18:44,312 [INFO] Обновлены цены okx: {'bid': 113561.1, 'ask': 113561.2, 'timestamp': 1754403524.312041}
2025-08-05 17:18:44,336 [INFO] Обновлены цены bybit: {'bid': 113493.5, 'ask': 113493.6, 'timestamp': 1754403524.336767}
2025-08-05 17:18:44,405 [INFO] Обновлены цены okx: {'bid': 113561.1, 'ask': 113561.2, 'timestamp': 1754403524.405621}
2025-08-05 17:18:44,436 [INFO] Обновлены цены bybit: {'bid': 113493.5, 'ask': 113493.6, 'timestamp': 1754403524.4361339}
2025-08-05 17:18:44,536 [INFO] Обновлены цены bybit: {'bid': 113493.6, 'ask': 113493.7, 'timestamp': 1754403524.536345}
2025-08-05 17:18:44,561 [INFO] Обновлены цены okx: {'bid': 113561.1, 'ask': 113561.2, 'timestamp': 1754403524.5618858}
2025-08-05 17:18:44,637 [INFO] Обновлены цены bybit: {'bid': 113497.9, 'ask': 113498.0, 'timestamp': 1754403524.637276}
2025-08-05 17:18:44,737 [INFO] Обновлены цены bybit: {'bid': 113497.9, 'ask': 113498.0, 'timestamp': 1754403524.737808}
2025-08-05 17:18:44,798 [INFO] Обновлены цены okx: {'bid': 113561.1, 'ask': 113561.2, 'timestamp': 1754403524.7988858}
2025-08-05 17:18:44,840 [INFO] Обновлены цены bybit: {'bid': 113497.9, 'ask': 113498.0, 'timestamp': 1754403524.8400772}
2025-08-05 17:18:44,899 [INFO] Обновлены цены okx: {'bid': 113561.1, 'ask': 113561.2, 'timestamp': 1754403524.8995562}
2025-08-05 17:18:45,000 [INFO] Обновлены цены okx: {'bid': 113561.7, 'ask': 113567.0, 'timestamp': 1754403525.0005991}
2025-08-05 17:18:45,036 [INFO] Обновлены цены bybit: {'bid': 113497.9, 'ask': 113498.0, 'timestamp': 1754403525.036698}
2025-08-05 17:18:45,136 [INFO] Обновлены цены bybit: {'bid': 113497.9, 'ask': 113498.0, 'timestamp': 1754403525.136708}
2025-08-05 17:18:45,150 [INFO] Обновлены цены okx: {'bid': 113566.9, 'ask': 113567.0, 'timestamp': 1754403525.150937}
2025-08-05 17:18:45,237 [INFO] Обновлены цены bybit: {'bid': 113497.9, 'ask': 113498.0, 'timestamp': 1754403525.23784}
2025-08-05 17:18:45,249 [INFO] Обновлены цены okx: {'bid': 113566.9, 'ask': 113567.0, 'timestamp': 1754403525.2493749}
2025-08-05 17:18:45,372 [INFO] Обновлены цены okx: {'bid': 113566.9, 'ask': 113567.0, 'timestamp': 1754403525.3721821}
2025-08-05 17:18:45,436 [INFO] Обновлены цены bybit: {'bid': 113501.0, 'ask': 113501.1, 'timestamp': 1754403525.436131}
2025-08-05 17:18:45,490 [INFO] Обновлены цены okx: {'bid': 113566.9, 'ask': 113567.0, 'timestamp': 1754403525.490765}
2025-08-05 17:18:45,538 [INFO] Обновлены цены bybit: {'bid': 113501.0, 'ask': 113501.1, 'timestamp': 1754403525.5386639}
2025-08-05 17:18:45,585 [INFO] Обновлены цены okx: {'bid': 113566.9, 'ask': 113567.0, 'timestamp': 1754403525.585793}
2025-08-05 17:18:45,635 [INFO] Обновлены цены bybit: {'bid': 113501.0, 'ask': 113501.1, 'timestamp': 1754403525.6358762}
2025-08-05 17:18:45,722 [INFO] Обновлены цены okx: {'bid': 113566.9, 'ask': 113567.0, 'timestamp': 1754403525.722031}
2025-08-05 17:18:45,737 [INFO] Обновлены цены bybit: {'bid': 113501.0, 'ask': 113501.1, 'timestamp': 1754403525.7371058}
2025-08-05 17:18:45,837 [INFO] Обновлены цены bybit: {'bid': 113504.0, 'ask': 113504.1, 'timestamp': 1754403525.8372831}
2025-08-05 17:18:45,937 [INFO] Обновлены цены bybit: {'bid': 113504.0, 'ask': 113504.1, 'timestamp': 1754403525.937022}
2025-08-05 17:18:45,945 [INFO] Обновлены цены okx: {'bid': 113566.9, 'ask': 113567.0, 'timestamp': 1754403525.9459698}
2025-08-05 17:18:46,036 [INFO] Обновлены цены bybit: {'bid': 113504.0, 'ask': 113504.1, 'timestamp': 1754403526.036792}
2025-08-05 17:18:46,051 [INFO] Обновлены цены okx: {'bid': 113566.9, 'ask': 113567.0, 'timestamp': 1754403526.051605}
2025-08-05 17:18:46,135 [INFO] Обновлены цены bybit: {'bid': 113504.0, 'ask': 113504.1, 'timestamp': 1754403526.13577}
2025-08-05 17:18:46,192 [INFO] Обновлены цены okx: {'bid': 113566.9, 'ask': 113567.0, 'timestamp': 1754403526.1924758}
2025-08-05 17:18:46,237 [INFO] Обновлены цены bybit: {'bid': 113504.0, 'ask': 113504.1, 'timestamp': 1754403526.236981}
2025-08-05 17:18:46,337 [INFO] Обновлены цены bybit: {'bid': 113504.0, 'ask': 113504.1, 'timestamp': 1754403526.337455}
2025-08-05 17:18:46,429 [INFO] Обновлены цены okx: {'bid': 113560.6, 'ask': 113560.7, 'timestamp': 1754403526.429746}
2025-08-05 17:18:46,435 [INFO] Обновлены цены bybit: {'bid': 113489.0, 'ask': 113489.1, 'timestamp': 1754403526.435903}
2025-08-05 17:18:46,535 [INFO] Обновлены цены bybit: {'bid': 113480.6, 'ask': 113480.7, 'timestamp': 1754403526.5354838}
2025-08-05 17:18:46,572 [INFO] Обновлены цены okx: {'bid': 113550.2, 'ask': 113557.9, 'timestamp': 1754403526.572272}
2025-08-05 17:18:46,635 [INFO] Обновлены цены bybit: {'bid': 113480.6, 'ask': 113480.7, 'timestamp': 1754403526.635746}
2025-08-05 17:18:46,693 [INFO] Обновлены цены okx: {'bid': 113550.2, 'ask': 113550.3, 'timestamp': 1754403526.693732}
2025-08-05 17:18:46,736 [INFO] Обновлены цены bybit: {'bid': 113480.6, 'ask': 113480.7, 'timestamp': 1754403526.736385}
2025-08-05 17:18:46,794 [INFO] Обновлены цены okx: {'bid': 113550.0, 'ask': 113550.1, 'timestamp': 1754403526.794616}
2025-08-05 17:18:46,836 [INFO] Обновлены цены bybit: {'bid': 113480.6, 'ask': 113480.7, 'timestamp': 1754403526.8363788}
2025-08-05 17:18:46,908 [INFO] Обновлены цены okx: {'bid': 113550.0, 'ask': 113550.1, 'timestamp': 1754403526.908108}
2025-08-05 17:18:46,935 [INFO] Обновлены цены bybit: {'bid': 113480.6, 'ask': 113480.7, 'timestamp': 1754403526.935837}
2025-08-05 17:18:47,036 [INFO] Обновлены цены bybit: {'bid': 113480.6, 'ask': 113480.7, 'timestamp': 1754403527.0364301}
2025-08-05 17:18:47,062 [INFO] Обновлены цены okx: {'bid': 113550.0, 'ask': 113550.1, 'timestamp': 1754403527.062697}
2025-08-05 17:18:47,137 [INFO] Обновлены цены bybit: {'bid': 113480.6, 'ask': 113480.7, 'timestamp': 1754403527.137269}
2025-08-05 17:18:47,151 [INFO] Обновлены цены okx: {'bid': 113550.0, 'ask': 113550.1, 'timestamp': 1754403527.151598}
2025-08-05 17:18:47,236 [INFO] Обновлены цены bybit: {'bid': 113480.6, 'ask': 113480.7, 'timestamp': 1754403527.23649}
2025-08-05 17:18:47,270 [INFO] Обновлены цены okx: {'bid': 113550.0, 'ask': 113550.1, 'timestamp': 1754403527.270041}
2025-08-05 17:18:47,335 [INFO] Обновлены цены bybit: {'bid': 113480.6, 'ask': 113480.7, 'timestamp': 1754403527.335896}
2025-08-05 17:18:47,405 [INFO] Обновлены цены okx: {'bid': 113550.0, 'ask': 113550.1, 'timestamp': 1754403527.4055119}
2025-08-05 17:18:47,522 [INFO] Обновлены цены okx: {'bid': 113550.0, 'ask': 113550.1, 'timestamp': 1754403527.522523}
2025-08-05 17:18:47,536 [INFO] Обновлены цены bybit: {'bid': 113480.6, 'ask': 113480.7, 'timestamp': 1754403527.5360398}
2025-08-05 17:18:47,668 [INFO] Обновлены цены okx: {'bid': 113550.0, 'ask': 113550.1, 'timestamp': 1754403527.668309}
2025-08-05 17:18:47,739 [INFO] Обновлены цены bybit: {'bid': 113480.6, 'ask': 113480.7, 'timestamp': 1754403527.7380302}
2025-08-05 17:18:47,786 [INFO] Обновлены цены okx: {'bid': 113550.0, 'ask': 113550.1, 'timestamp': 1754403527.786471}
2025-08-05 17:18:47,837 [INFO] Обновлены цены bybit: {'bid': 113480.6, 'ask': 113480.7, 'timestamp': 1754403527.837321}
2025-08-05 17:18:47,896 [INFO] Обновлены цены okx: {'bid': 113550.0, 'ask': 113550.1, 'timestamp': 1754403527.8963132}
2025-08-05 17:18:47,950 [INFO] Обновлены цены bybit: {'bid': 113480.6, 'ask': 113480.7, 'timestamp': 1754403527.950258}
2025-08-05 17:18:47,994 [INFO] Обновлены цены okx: {'bid': 113550.0, 'ask': 113550.1, 'timestamp': 1754403527.9946392}
2025-08-05 17:18:48,153 [INFO] Обновлены цены okx: {'bid': 113550.0, 'ask': 113550.1, 'timestamp': 1754403528.15312}
2025-08-05 17:18:48,225 [INFO] Обновлены цены bybit: {'bid': 113480.6, 'ask': 113480.7, 'timestamp': 1754403528.225046}
2025-08-05 17:18:48,225 [INFO] Обновлены цены bybit: {'bid': 113480.6, 'ask': 113480.7, 'timestamp': 1754403528.225204}
2025-08-05 17:18:48,262 [INFO] Обновлены цены okx: {'bid': 113550.0, 'ask': 113550.1, 'timestamp': 1754403528.2627141}
2025-08-05 17:18:48,314 [INFO] Обновлены цены bybit: {'bid': 113478.6, 'ask': 113478.7, 'timestamp': 1754403528.3145149}
2025-08-05 17:18:48,336 [INFO] Обновлены цены bybit: {'bid': 113478.6, 'ask': 113478.7, 'timestamp': 1754403528.3363972}
2025-08-05 17:18:48,376 [INFO] Обновлены цены okx: {'bid': 113550.0, 'ask': 113550.1, 'timestamp': 1754403528.376798}
2025-08-05 17:18:48,436 [INFO] Обновлены цены bybit: {'bid': 113478.6, 'ask': 113478.7, 'timestamp': 1754403528.436911}
2025-08-05 17:18:48,484 [INFO] Обновлены цены okx: {'bid': 113550.0, 'ask': 113550.1, 'timestamp': 1754403528.4844642}
2025-08-05 17:18:48,536 [INFO] Обновлены цены bybit: {'bid': 113478.6, 'ask': 113478.7, 'timestamp': 1754403528.536236}
2025-08-05 17:18:48,588 [INFO] Обновлены цены okx: {'bid': 113550.0, 'ask': 113550.1, 'timestamp': 1754403528.588313}
2025-08-05 17:18:48,637 [INFO] Обновлены цены bybit: {'bid': 113478.6, 'ask': 113478.7, 'timestamp': 1754403528.637387}
2025-08-05 17:18:48,711 [INFO] Обновлены цены okx: {'bid': 113550.0, 'ask': 113550.1, 'timestamp': 1754403528.711786}
2025-08-05 17:18:48,736 [INFO] Обновлены цены bybit: {'bid': 113478.6, 'ask': 113478.7, 'timestamp': 1754403528.7363992}
2025-08-05 17:18:48,836 [INFO] Обновлены цены bybit: {'bid': 113478.6, 'ask': 113478.7, 'timestamp': 1754403528.836313}
2025-08-05 17:18:48,851 [INFO] Обновлены цены okx: {'bid': 113550.0, 'ask': 113550.1, 'timestamp': 1754403528.851275}
2025-08-05 17:18:48,936 [INFO] Обновлены цены bybit: {'bid': 113478.6, 'ask': 113478.7, 'timestamp': 1754403528.936496}
2025-08-05 17:18:48,982 [INFO] Обновлены цены okx: {'bid': 113550.0, 'ask': 113550.1, 'timestamp': 1754403528.9821088}
2025-08-05 17:18:49,038 [INFO] Обновлены цены bybit: {'bid': 113478.6, 'ask': 113478.7, 'timestamp': 1754403529.0385358}
2025-08-05 17:18:49,083 [INFO] Обновлены цены okx: {'bid': 113550.0, 'ask': 113550.1, 'timestamp': 1754403529.082978}
2025-08-05 17:18:49,137 [INFO] Обновлены цены bybit: {'bid': 113478.6, 'ask': 113478.7, 'timestamp': 1754403529.137024}
2025-08-05 17:18:49,192 [INFO] Обновлены цены okx: {'bid': 113550.0, 'ask': 113550.1, 'timestamp': 1754403529.192066}
2025-08-05 17:18:49,237 [INFO] Обновлены цены bybit: {'bid': 113478.6, 'ask': 113478.7, 'timestamp': 1754403529.237927}
2025-08-05 17:18:49,297 [INFO] Обновлены цены okx: {'bid': 113550.0, 'ask': 113550.1, 'timestamp': 1754403529.297699}
2025-08-05 17:18:49,336 [INFO] Обновлены цены bybit: {'bid': 113478.6, 'ask': 113478.7, 'timestamp': 1754403529.33643}
2025-08-05 17:18:49,412 [INFO] Обновлены цены okx: {'bid': 113550.0, 'ask': 113550.1, 'timestamp': 1754403529.412221}
2025-08-05 17:18:49,436 [INFO] Обновлены цены bybit: {'bid': 113478.6, 'ask': 113478.7, 'timestamp': 1754403529.436814}
2025-08-05 17:18:49,522 [INFO] Обновлены цены okx: {'bid': 113550.0, 'ask': 113550.1, 'timestamp': 1754403529.522064}
2025-08-05 17:18:49,537 [INFO] Обновлены цены bybit: {'bid': 113478.6, 'ask': 113478.7, 'timestamp': 1754403529.537212}
2025-08-05 17:18:49,635 [INFO] Обновлены цены bybit: {'bid': 113478.6, 'ask': 113478.7, 'timestamp': 1754403529.635675}
2025-08-05 17:18:49,652 [INFO] Обновлены цены okx: {'bid': 113550.0, 'ask': 113550.1, 'timestamp': 1754403529.652525}
2025-08-05 17:18:49,735 [INFO] Обновлены цены bybit: {'bid': 113478.6, 'ask': 113478.7, 'timestamp': 1754403529.735841}
2025-08-05 17:18:49,837 [INFO] Обновлены цены bybit: {'bid': 113478.6, 'ask': 113478.7, 'timestamp': 1754403529.837009}
2025-08-05 17:18:49,886 [INFO] Обновлены цены okx: {'bid': 113550.0, 'ask': 113550.1, 'timestamp': 1754403529.886539}
2025-08-05 17:18:49,937 [INFO] Обновлены цены bybit: {'bid': 113478.6, 'ask': 113478.7, 'timestamp': 1754403529.9374468}
2025-08-05 17:18:50,000 [INFO] Обновлены цены okx: {'bid': 113550.0, 'ask': 113550.1, 'timestamp': 1754403529.999987}
2025-08-05 17:18:50,038 [INFO] Обновлены цены bybit: {'bid': 113478.6, 'ask': 113478.7, 'timestamp': 1754403530.038663}
2025-08-05 17:18:50,115 [INFO] Обновлены цены okx: {'bid': 113550.0, 'ask': 113550.1, 'timestamp': 1754403530.115813}
2025-08-05 17:18:50,136 [INFO] Обновлены цены bybit: {'bid': 113478.6, 'ask': 113478.7, 'timestamp': 1754403530.136116}
2025-08-05 17:18:50,237 [INFO] Обновлены цены bybit: {'bid': 113478.6, 'ask': 113478.7, 'timestamp': 1754403530.2378519}
2025-08-05 17:18:50,254 [INFO] Обновлены цены okx: {'bid': 113550.0, 'ask': 113550.1, 'timestamp': 1754403530.2540932}
2025-08-05 17:18:50,337 [INFO] Обновлены цены bybit: {'bid': 113478.6, 'ask': 113478.7, 'timestamp': 1754403530.337599}
2025-08-05 17:18:50,388 [INFO] Обновлены цены okx: {'bid': 113550.0, 'ask': 113550.1, 'timestamp': 1754403530.388801}
2025-08-05 17:18:50,436 [INFO] Обновлены цены bybit: {'bid': 113478.6, 'ask': 113478.7, 'timestamp': 1754403530.436417}
2025-08-05 17:18:50,491 [INFO] Обновлены цены okx: {'bid': 113550.0, 'ask': 113550.1, 'timestamp': 1754403530.4912262}
2025-08-05 17:18:50,537 [INFO] Обновлены цены bybit: {'bid': 113478.6, 'ask': 113478.7, 'timestamp': 1754403530.537015}
2025-08-05 17:18:50,592 [INFO] Обновлены цены okx: {'bid': 113550.0, 'ask': 113550.1, 'timestamp': 1754403530.5924501}
2025-08-05 17:18:50,637 [INFO] Обновлены цены bybit: {'bid': 113478.6, 'ask': 113478.7, 'timestamp': 1754403530.637002}
2025-08-05 17:18:50,695 [INFO] Обновлены цены okx: {'bid': 113550.0, 'ask': 113550.1, 'timestamp': 1754403530.695853}
2025-08-05 17:18:50,736 [INFO] Обновлены цены bybit: {'bid': 113478.6, 'ask': 113478.7, 'timestamp': 1754403530.736866}
2025-08-05 17:18:50,807 [INFO] Обновлены цены okx: {'bid': 113550.0, 'ask': 113550.1, 'timestamp': 1754403530.8074958}
2025-08-05 17:18:50,835 [INFO] Обновлены цены bybit: {'bid': 113478.6, 'ask': 113478.7, 'timestamp': 1754403530.835705}
2025-08-05 17:18:50,936 [INFO] Обновлены цены bybit: {'bid': 113478.6, 'ask': 113478.7, 'timestamp': 1754403530.936327}
2025-08-05 17:18:50,951 [INFO] Обновлены цены okx: {'bid': 113550.0, 'ask': 113550.1, 'timestamp': 1754403530.951881}
2025-08-05 17:18:51,035 [INFO] Обновлены цены bybit: {'bid': 113478.6, 'ask': 113478.7, 'timestamp': 1754403531.035687}
2025-08-05 17:18:51,136 [INFO] Обновлены цены bybit: {'bid': 113478.6, 'ask': 113478.7, 'timestamp': 1754403531.136124}
2025-08-05 17:18:51,166 [INFO] Обновлены цены okx: {'bid': 113550.0, 'ask': 113550.1, 'timestamp': 1754403531.1662521}
2025-08-05 17:18:51,236 [INFO] Обновлены цены bybit: {'bid': 113478.6, 'ask': 113478.7, 'timestamp': 1754403531.236001}
2025-08-05 17:18:51,336 [INFO] Обновлены цены bybit: {'bid': 113483.9, 'ask': 113484.0, 'timestamp': 1754403531.336879}
2025-08-05 17:18:51,406 [INFO] Обновлены цены okx: {'bid': 113550.0, 'ask': 113550.1, 'timestamp': 1754403531.4063628}
2025-08-05 17:18:51,435 [INFO] Обновлены цены bybit: {'bid': 113491.9, 'ask': 113492.0, 'timestamp': 1754403531.435931}
2025-08-05 17:18:51,503 [INFO] Обновлены цены okx: {'bid': 113553.9, 'ask': 113554.0, 'timestamp': 1754403531.50336}
2025-08-05 17:18:51,538 [INFO] Обновлены цены bybit: {'bid': 113497.9, 'ask': 113498.0, 'timestamp': 1754403531.538913}
2025-08-05 17:18:51,635 [INFO] Обновлены цены bybit: {'bid': 113498.9, 'ask': 113499.0, 'timestamp': 1754403531.635381}
2025-08-05 17:18:51,655 [INFO] Обновлены цены okx: {'bid': 113566.3, 'ask': 113566.4, 'timestamp': 1754403531.6549828}
2025-08-05 17:18:51,736 [INFO] Обновлены цены bybit: {'bid': 113503.4, 'ask': 113503.5, 'timestamp': 1754403531.735966}
2025-08-05 17:18:51,789 [INFO] Обновлены цены okx: {'bid': 113566.3, 'ask': 113566.4, 'timestamp': 1754403531.789388}
2025-08-05 17:18:51,836 [INFO] Обновлены цены bybit: {'bid': 113503.4, 'ask': 113503.5, 'timestamp': 1754403531.836268}
2025-08-05 17:18:51,937 [INFO] Обновлены цены bybit: {'bid': 113503.4, 'ask': 113503.5, 'timestamp': 1754403531.9371572}
2025-08-05 17:18:52,000 [INFO] Обновлены цены okx: {'bid': 113566.3, 'ask': 113566.4, 'timestamp': 1754403531.999986}
2025-08-05 17:18:52,036 [INFO] Обновлены цены bybit: {'bid': 113503.4, 'ask': 113503.5, 'timestamp': 1754403532.0360909}
2025-08-05 17:18:52,138 [INFO] Обновлены цены bybit: {'bid': 113503.4, 'ask': 113503.5, 'timestamp': 1754403532.138601}
2025-08-05 17:18:52,144 [INFO] Обновлены цены okx: {'bid': 113566.3, 'ask': 113566.4, 'timestamp': 1754403532.144706}
2025-08-05 17:18:52,235 [INFO] Обновлены цены bybit: {'bid': 113503.4, 'ask': 113503.5, 'timestamp': 1754403532.2357981}
2025-08-05 17:18:52,254 [INFO] Обновлены цены okx: {'bid': 113566.4, 'ask': 113568.0, 'timestamp': 1754403532.2548249}
2025-08-05 17:18:52,336 [INFO] Обновлены цены bybit: {'bid': 113503.4, 'ask': 113503.5, 'timestamp': 1754403532.336442}
2025-08-05 17:18:52,358 [INFO] Обновлены цены okx: {'bid': 113571.1, 'ask': 113571.2, 'timestamp': 1754403532.358631}
2025-08-05 17:18:52,436 [INFO] Обновлены цены bybit: {'bid': 113503.4, 'ask': 113503.5, 'timestamp': 1754403532.436244}
2025-08-05 17:18:52,494 [INFO] Обновлены цены okx: {'bid': 113571.1, 'ask': 113571.2, 'timestamp': 1754403532.494804}
2025-08-05 17:18:52,536 [INFO] Обновлены цены bybit: {'bid': 113503.4, 'ask': 113503.5, 'timestamp': 1754403532.536963}
2025-08-05 17:18:52,615 [INFO] Обновлены цены okx: {'bid': 113571.1, 'ask': 113571.2, 'timestamp': 1754403532.6153631}
2025-08-05 17:18:52,636 [INFO] Обновлены цены bybit: {'bid': 113503.4, 'ask': 113503.5, 'timestamp': 1754403532.636611}
2025-08-05 17:18:52,738 [INFO] Обновлены цены bybit: {'bid': 113503.4, 'ask': 113503.5, 'timestamp': 1754403532.7384162}
2025-08-05 17:18:52,835 [INFO] Обновлены цены bybit: {'bid': 113503.4, 'ask': 113503.5, 'timestamp': 1754403532.835809}
2025-08-05 17:18:52,845 [INFO] Обновлены цены okx: {'bid': 113571.1, 'ask': 113571.2, 'timestamp': 1754403532.845731}
2025-08-05 17:18:52,935 [INFO] Обновлены цены bybit: {'bid': 113503.4, 'ask': 113503.5, 'timestamp': 1754403532.935372}
2025-08-05 17:18:52,972 [INFO] Обновлены цены okx: {'bid': 113571.1, 'ask': 113571.2, 'timestamp': 1754403532.972964}
2025-08-05 17:18:53,036 [INFO] Обновлены цены bybit: {'bid': 113503.4, 'ask': 113503.5, 'timestamp': 1754403533.036653}
2025-08-05 17:18:53,084 [INFO] Обновлены цены okx: {'bid': 113571.1, 'ask': 113571.2, 'timestamp': 1754403533.0845098}
2025-08-05 17:18:53,136 [INFO] Обновлены цены bybit: {'bid': 113503.4, 'ask': 113503.5, 'timestamp': 1754403533.1362739}
2025-08-05 17:18:53,192 [INFO] Обновлены цены okx: {'bid': 113571.1, 'ask': 113571.2, 'timestamp': 1754403533.192398}
2025-08-05 17:18:53,239 [INFO] Обновлены цены bybit: {'bid': 113503.4, 'ask': 113503.5, 'timestamp': 1754403533.239136}
2025-08-05 17:18:53,298 [INFO] Обновлены цены okx: {'bid': 113571.1, 'ask': 113571.2, 'timestamp': 1754403533.298363}
2025-08-05 17:18:53,437 [INFO] Обновлены цены bybit: {'bid': 113503.4, 'ask': 113503.5, 'timestamp': 1754403533.437431}
2025-08-05 17:18:53,448 [INFO] Обновлены цены okx: {'bid': 113571.1, 'ask': 113571.2, 'timestamp': 1754403533.448404}
2025-08-05 17:18:53,535 [INFO] Обновлены цены bybit: {'bid': 113503.4, 'ask': 113503.5, 'timestamp': 1754403533.53568}
2025-08-05 17:18:53,591 [INFO] Обновлены цены okx: {'bid': 113571.1, 'ask': 113571.2, 'timestamp': 1754403533.59191}
2025-08-05 17:18:53,749 [INFO] Обновлены цены bybit: {'bid': 113503.4, 'ask': 113503.5, 'timestamp': 1754403533.74911}
2025-08-05 17:18:53,814 [INFO] Обновлены цены okx: {'bid': 113571.1, 'ask': 113572.0, 'timestamp': 1754403533.81428}
2025-08-05 17:18:53,836 [INFO] Обновлены цены bybit: {'bid': 113510.9, 'ask': 113511.0, 'timestamp': 1754403533.8364532}
2025-08-05 17:18:53,939 [INFO] Обновлены цены bybit: {'bid': 113510.9, 'ask': 113511.0, 'timestamp': 1754403533.939483}
2025-08-05 17:18:53,954 [INFO] Обновлены цены okx: {'bid': 113571.9, 'ask': 113572.0, 'timestamp': 1754403533.9544141}
2025-08-05 17:18:54,036 [INFO] Обновлены цены bybit: {'bid': 113510.9, 'ask': 113511.0, 'timestamp': 1754403534.036648}
2025-08-05 17:18:54,073 [INFO] Обновлены цены okx: {'bid': 113571.9, 'ask': 113572.0, 'timestamp': 1754403534.073859}
2025-08-05 17:18:54,136 [INFO] Обновлены цены bybit: {'bid': 113510.9, 'ask': 113511.0, 'timestamp': 1754403534.136794}
2025-08-05 17:18:54,189 [INFO] Обновлены цены okx: {'bid': 113571.9, 'ask': 113572.0, 'timestamp': 1754403534.189522}
2025-08-05 17:18:54,237 [INFO] Обновлены цены bybit: {'bid': 113510.9, 'ask': 113511.0, 'timestamp': 1754403534.237184}
2025-08-05 17:18:54,308 [INFO] Обновлены цены okx: {'bid': 113571.9, 'ask': 113572.0, 'timestamp': 1754403534.308028}
2025-08-05 17:18:54,335 [INFO] Обновлены цены bybit: {'bid': 113510.9, 'ask': 113511.0, 'timestamp': 1754403534.335862}
2025-08-05 17:18:54,441 [INFO] Обновлены цены bybit: {'bid': 113510.9, 'ask': 113511.0, 'timestamp': 1754403534.441189}
2025-08-05 17:18:54,536 [INFO] Обновлены цены bybit: {'bid': 113510.9, 'ask': 113511.0, 'timestamp': 1754403534.536899}
2025-08-05 17:18:54,591 [INFO] Обновлены цены okx: {'bid': 113571.9, 'ask': 113572.0, 'timestamp': 1754403534.5915399}
2025-08-05 17:18:54,636 [INFO] Обновлены цены bybit: {'bid': 113510.9, 'ask': 113511.0, 'timestamp': 1754403534.636323}
2025-08-05 17:18:54,692 [INFO] Обновлены цены okx: {'bid': 113571.9, 'ask': 113572.0, 'timestamp': 1754403534.692109}
2025-08-05 17:18:54,736 [INFO] Обновлены цены bybit: {'bid': 113510.9, 'ask': 113511.0, 'timestamp': 1754403534.736661}
2025-08-05 17:18:54,794 [INFO] Обновлены цены okx: {'bid': 113571.9, 'ask': 113572.0, 'timestamp': 1754403534.794135}
2025-08-05 17:18:54,894 [INFO] Обновлены цены okx: {'bid': 113571.9, 'ask': 113572.0, 'timestamp': 1754403534.894751}
2025-08-05 17:18:54,937 [INFO] Обновлены цены bybit: {'bid': 113510.9, 'ask': 113511.0, 'timestamp': 1754403534.937279}
2025-08-05 17:18:55,002 [INFO] Обновлены цены okx: {'bid': 113571.9, 'ask': 113572.0, 'timestamp': 1754403535.002677}
2025-08-05 17:18:55,037 [INFO] Обновлены цены bybit: {'bid': 113510.9, 'ask': 113511.0, 'timestamp': 1754403535.037351}
2025-08-05 17:18:55,137 [INFO] Обновлены цены bybit: {'bid': 113503.4, 'ask': 113503.5, 'timestamp': 1754403535.1371741}
2025-08-05 17:18:55,148 [INFO] Обновлены цены okx: {'bid': 113571.9, 'ask': 113572.0, 'timestamp': 1754403535.1485388}
2025-08-05 17:18:55,240 [INFO] Обновлены цены bybit: {'bid': 113503.4, 'ask': 113503.5, 'timestamp': 1754403535.240418}
2025-08-05 17:18:55,250 [INFO] Обновлены цены okx: {'bid': 113571.9, 'ask': 113572.0, 'timestamp': 1754403535.250258}
2025-08-05 17:18:55,338 [INFO] Обновлены цены bybit: {'bid': 113503.4, 'ask': 113503.5, 'timestamp': 1754403535.338145}
2025-08-05 17:18:55,382 [INFO] Обновлены цены okx: {'bid': 113571.9, 'ask': 113572.0, 'timestamp': 1754403535.382723}
2025-08-05 17:18:55,436 [INFO] Обновлены цены bybit: {'bid': 113500.1, 'ask': 113500.2, 'timestamp': 1754403535.436631}
2025-08-05 17:18:55,489 [INFO] Обновлены цены okx: {'bid': 113571.9, 'ask': 113572.0, 'timestamp': 1754403535.48949}
2025-08-05 17:18:55,537 [INFO] Обновлены цены bybit: {'bid': 113495.7, 'ask': 113495.8, 'timestamp': 1754403535.537477}
2025-08-05 17:18:55,592 [INFO] Обновлены цены okx: {'bid': 113571.9, 'ask': 113572.0, 'timestamp': 1754403535.5922601}
2025-08-05 17:18:55,636 [INFO] Обновлены цены bybit: {'bid': 113495.7, 'ask': 113495.8, 'timestamp': 1754403535.636616}
2025-08-05 17:18:55,737 [INFO] Обновлены цены bybit: {'bid': 113495.7, 'ask': 113495.8, 'timestamp': 1754403535.737068}
2025-08-05 17:18:55,797 [INFO] Обновлены цены okx: {'bid': 113556.9, 'ask': 113566.8, 'timestamp': 1754403535.797794}
2025-08-05 17:18:55,837 [INFO] Обновлены цены bybit: {'bid': 113492.1, 'ask': 113492.2, 'timestamp': 1754403535.837583}
2025-08-05 17:28:31,835 [INFO] [Bybit] Подключено к wss://stream.bybit.com/v5/public/linear
2025-08-05 17:28:31,836 [INFO] [Bybit] Подписка с payload: {"op": "subscribe", "args": ["tickers.BTCUSDT"]}
2025-08-05 17:28:31,933 [INFO] [OKX] Подключено к wss://ws.okx.com:8443/ws/v5/public
2025-08-05 17:28:31,933 [INFO] [OKX] Подписка с payload: {"op": "subscribe", "args": [{"channel": "tickers", "instId": "BTC-USDT"}]}
